<?xml version="1.0" encoding="UTF-8"?>
<!-- Generated by org.testng.reporters.JUnitReportReporter -->
<testsuite skipped="0" hostname="IMCHLT128" name="shoppingBag.VerifyShoppingBagCount" tests="1" failures="0" timestamp="13 Jul 2018 13:53:39 GMT" time="101.999" errors="0">
  <testcase name="testVerifyShoppingBagCount" time="101.999" classname="shoppingBag.VerifyShoppingBagCount"/>
</testsuite> <!-- shoppingBag.VerifyShoppingBagCount -->
