<?xml version="1.0" encoding="UTF-8"?>
<!-- Generated by org.testng.reporters.JUnitReportReporter -->
<testsuite skipped="0" hostname="IMCHLT128" name="shoppingBag.VerifyShoppingBagCount" tests="1" failures="0" timestamp="11 Jul 2018 15:55:31 GMT" time="6.712" errors="0">
  <testcase name="testVerifyShoppingBagCount" time="6.712" classname="shoppingBag.VerifyShoppingBagCount"/>
</testsuite> <!-- shoppingBag.VerifyShoppingBagCount -->
