<?xml version="1.0" encoding="UTF-8"?>
<!-- Generated by org.testng.reporters.JUnitReportReporter -->
<testsuite skipped="0" hostname="IMCHLT128" name="shoppingBag.VerifyShoppingBagCount" tests="1" failures="0" timestamp="11 Jul 2018 03:08:05 GMT" time="14.986" errors="0">
  <testcase name="testVerifyShoppingBagCount" time="14.986" classname="shoppingBag.VerifyShoppingBagCount"/>
</testsuite> <!-- shoppingBag.VerifyShoppingBagCount -->
