<?xml version="1.0" encoding="UTF-8"?>
<!-- Generated by org.testng.reporters.JUnitReportReporter -->
<testsuite skipped="0" hostname="IMCHLT128" name="shoppingBag.VerifyShoppingBagCount" tests="1" failures="0" timestamp="12 Jul 2018 09:25:51 GMT" time="85.461" errors="0">
  <testcase name="testVerifyShoppingBagCount" time="85.461" classname="shoppingBag.VerifyShoppingBagCount"/>
</testsuite> <!-- shoppingBag.VerifyShoppingBagCount -->
